<?xml version="1.0" encoding="UTF-8"?>
<!-- Generated by org.testng.reporters.JUnitReportReporter -->
<testsuite hostname="MT-4QQN6L3" failures="1" tests="11" name="com.mindtree.runner.Runner" time="583.587" errors="0" timestamp="2022-07-28T22:04:49 IST" skipped="0">
  <testcase classname="com.mindtree.runner.Runner" name="tncFooter" time="38.491"/>
  <system-out/>
  <testcase classname="com.mindtree.runner.Runner" name="footerPowder" time="12.833"/>
  <system-out/>
  <testcase classname="com.mindtree.runner.Runner" name="searchText" time="34.750"/>
  <system-out/>
  <testcase classname="com.mindtree.runner.Runner" name="navigationWash" time="17.410"/>
  <system-out/>
  <testcase classname="com.mindtree.runner.Runner" name="promoHome" time="31.735"/>
  <system-out/>
  <testcase classname="com.mindtree.runner.Runner" name="signUpEmailInvalid" time="57.407">
    <failure message="null" type="java.lang.AssertionError">
      <![CDATA[java.lang.AssertionError: null
at org.testng.Assert.fail(Assert.java:99)
at org.testng.Assert.fail(Assert.java:106)
at com.mindtree.pageobject.SignUpFormPageObject.verifyInvalidAccount(SignUpFormPageObject.java:129)
at com.mindtree.runner.Runner.signUpEmailInvalid(Runner.java:161)
at java.base/jdk.internal.reflect.NativeMethodAccessorImpl.invoke0(Native Method)
at java.base/jdk.internal.reflect.NativeMethodAccessorImpl.invoke(NativeMethodAccessorImpl.java:77)
at java.base/jdk.internal.reflect.DelegatingMethodAccessorImpl.invoke(DelegatingMethodAccessorImpl.java:43)
at java.base/java.lang.reflect.Method.invoke(Method.java:568)
at org.testng.internal.MethodInvocationHelper.invokeMethod(MethodInvocationHelper.java:133)
at org.testng.internal.TestInvoker.invokeMethod(TestInvoker.java:598)
at org.testng.internal.TestInvoker.invokeTestMethod(TestInvoker.java:173)
at org.testng.internal.MethodRunner.runInSequence(MethodRunner.java:46)
at org.testng.internal.TestInvoker$MethodInvocationAgent.invoke(TestInvoker.java:824)
at org.testng.internal.TestInvoker.invokeTestMethods(TestInvoker.java:146)
at org.testng.internal.TestMethodWorker.invokeTestMethods(TestMethodWorker.java:146)
at org.testng.internal.TestMethodWorker.run(TestMethodWorker.java:128)
at java.base/java.util.ArrayList.forEach(ArrayList.java:1511)
at org.testng.TestRunner.privateRun(TestRunner.java:794)
at org.testng.TestRunner.run(TestRunner.java:596)
at org.testng.SuiteRunner.runTest(SuiteRunner.java:377)
at org.testng.SuiteRunner.runSequentially(SuiteRunner.java:371)
at org.testng.SuiteRunner.privateRun(SuiteRunner.java:332)
at org.testng.SuiteRunner.run(SuiteRunner.java:276)
at org.testng.SuiteRunnerWorker.runSuite(SuiteRunnerWorker.java:53)
at org.testng.SuiteRunnerWorker.run(SuiteRunnerWorker.java:96)
at org.testng.TestNG.runSuitesSequentially(TestNG.java:1212)
at org.testng.TestNG.runSuitesLocally(TestNG.java:1134)
at org.testng.TestNG.runSuites(TestNG.java:1063)
at org.testng.TestNG.run(TestNG.java:1031)
at org.testng.remote.AbstractRemoteTestNG.run(AbstractRemoteTestNG.java:115)
at org.testng.remote.RemoteTestNG.initAndRun(RemoteTestNG.java:251)
at org.testng.remote.RemoteTestNG.main(RemoteTestNG.java:77)
]]>
    </failure>
  </testcase> <!-- signUpEmailInvalid -->
  <system-out/>
  <testcase classname="com.mindtree.runner.Runner" name="pngDisplay" time="13.037"/>
  <system-out/>
  <testcase classname="com.mindtree.runner.Runner" name="changeLanguage" time="70.544"/>
  <system-out/>
  <testcase classname="com.mindtree.runner.Runner" name="signUpValid" time="48.276"/>
  <system-out/>
  <testcase classname="com.mindtree.runner.Runner" name="liveChat" time="24.905"/>
  <system-out/>
  <testcase classname="com.mindtree.runner.Runner" name="pngRedirect" time="234.199"/>
  <system-out/>
</testsuite> <!-- com.mindtree.runner.Runner -->
